
*** Running vivado
    with args -log driver_7seg_4digits.vds -m64 -product Vivado -mode batch -messageDb vivado.pb -notrace -source driver_7seg_4digits.tcl



****** Vivado v2020.2 (64-bit)
  **** SW Build 3064766 on Wed Nov 18 09:12:45 MST 2020
  **** IP Build 3064653 on Wed Nov 18 14:17:31 MST 2020
    ** Copyright 1986-2020 Xilinx, Inc. All Rights Reserved.

source driver_7seg_4digits.tcl -notrace
Command: synth_design -top driver_7seg_4digits -part xc7a50ticsg324-1L
Starting synth_design
Attempting to get a license for feature 'Synthesis' and/or device 'xc7a50ti'
INFO: [Common 17-349] Got license for feature 'Synthesis' and/or device 'xc7a50ti'
INFO: [Synth 8-7079] Multithreading enabled for synth_design using a maximum of 2 processes.
INFO: [Synth 8-7078] Launching helper process for spawning children vivado processes
INFO: [Synth 8-7075] Helper process launched with PID 4104
---------------------------------------------------------------------------------
Starting Synthesize : Time (s): cpu = 00:00:05 ; elapsed = 00:00:07 . Memory (MB): peak = 1005.262 ; gain = 0.000
---------------------------------------------------------------------------------
INFO: [Synth 8-638] synthesizing module 'driver_7seg_4digits' [D:/VUT/Digital-electronics-1/Labs/06-display_driver/display_driver/display_driver.srcs/sources_1/new/driver_7seg_4digits.vhd:42]
INFO: [Synth 8-638] synthesizing module 'clock_enable' [D:/VUT/Digital-electronics-1/Labs/05-counter/counter/counter.srcs/sources_1/new/clock_enable.vhd:35]
	Parameter g_MAX bound to: 4 - type: integer 
INFO: [Synth 8-256] done synthesizing module 'clock_enable' (1#1) [D:/VUT/Digital-electronics-1/Labs/05-counter/counter/counter.srcs/sources_1/new/clock_enable.vhd:35]
INFO: [Synth 8-638] synthesizing module 'cnt_up_down' [D:/VUT/Digital-electronics-1/Labs/05-counter/counter/counter.srcs/sources_1/new/cnt_up_down.vhd:35]
	Parameter g_CNT_WIDTH bound to: 2 - type: integer 
INFO: [Synth 8-256] done synthesizing module 'cnt_up_down' (2#1) [D:/VUT/Digital-electronics-1/Labs/05-counter/counter/counter.srcs/sources_1/new/cnt_up_down.vhd:35]
INFO: [Synth 8-638] synthesizing module 'hex_7seg' [D:/VUT/Digital-electronics-1/Labs/05-counter/counter/counter.srcs/sources_1/new/hex_7seg.vhd:41]
INFO: [Synth 8-256] done synthesizing module 'hex_7seg' (3#1) [D:/VUT/Digital-electronics-1/Labs/05-counter/counter/counter.srcs/sources_1/new/hex_7seg.vhd:41]
INFO: [Synth 8-256] done synthesizing module 'driver_7seg_4digits' (4#1) [D:/VUT/Digital-electronics-1/Labs/06-display_driver/display_driver/display_driver.srcs/sources_1/new/driver_7seg_4digits.vhd:42]
---------------------------------------------------------------------------------
Finished Synthesize : Time (s): cpu = 00:00:06 ; elapsed = 00:00:09 . Memory (MB): peak = 1005.262 ; gain = 0.000
---------------------------------------------------------------------------------
---------------------------------------------------------------------------------
Finished Constraint Validation : Time (s): cpu = 00:00:06 ; elapsed = 00:00:10 . Memory (MB): peak = 1005.262 ; gain = 0.000
---------------------------------------------------------------------------------
---------------------------------------------------------------------------------
Start Loading Part and Timing Information
---------------------------------------------------------------------------------
Loading part: xc7a50ticsg324-1L
---------------------------------------------------------------------------------
INFO: [Device 21-403] Loading part xc7a50ticsg324-1L
Finished Loading Part and Timing Information : Time (s): cpu = 00:00:06 ; elapsed = 00:00:10 . Memory (MB): peak = 1005.262 ; gain = 0.000
---------------------------------------------------------------------------------
---------------------------------------------------------------------------------
Finished RTL Optimization Phase 2 : Time (s): cpu = 00:00:06 ; elapsed = 00:00:10 . Memory (MB): peak = 1005.262 ; gain = 0.000
---------------------------------------------------------------------------------
No constraint files found.
---------------------------------------------------------------------------------
Start RTL Component Statistics 
---------------------------------------------------------------------------------
Detailed RTL Component Info : 
+---Adders : 
	   2 Input    2 Bit       Adders := 1     
+---Registers : 
	                2 Bit    Registers := 1     
	                1 Bit    Registers := 1     
+---Muxes : 
	   4 Input    4 Bit        Muxes := 2     
	   2 Input    2 Bit        Muxes := 1     
	   2 Input    1 Bit        Muxes := 1     
	   4 Input    1 Bit        Muxes := 1     
---------------------------------------------------------------------------------
Finished RTL Component Statistics 
---------------------------------------------------------------------------------
---------------------------------------------------------------------------------
Start Part Resource Summary
---------------------------------------------------------------------------------
Part Resources:
DSPs: 120 (col length:60)
BRAMs: 150 (col length: RAMB18 60 RAMB36 30)
---------------------------------------------------------------------------------
Finished Part Resource Summary
---------------------------------------------------------------------------------
No constraint files found.
---------------------------------------------------------------------------------
Start Cross Boundary and Area Optimization
---------------------------------------------------------------------------------
---------------------------------------------------------------------------------
Finished Cross Boundary and Area Optimization : Time (s): cpu = 00:00:12 ; elapsed = 00:00:23 . Memory (MB): peak = 1005.262 ; gain = 0.000
---------------------------------------------------------------------------------
No constraint files found.
---------------------------------------------------------------------------------
Start Timing Optimization
---------------------------------------------------------------------------------
---------------------------------------------------------------------------------
Finished Timing Optimization : Time (s): cpu = 00:00:12 ; elapsed = 00:00:24 . Memory (MB): peak = 1005.262 ; gain = 0.000
---------------------------------------------------------------------------------
---------------------------------------------------------------------------------
Start Technology Mapping
---------------------------------------------------------------------------------
---------------------------------------------------------------------------------
Finished Technology Mapping : Time (s): cpu = 00:00:12 ; elapsed = 00:00:24 . Memory (MB): peak = 1005.262 ; gain = 0.000
---------------------------------------------------------------------------------
---------------------------------------------------------------------------------
Start IO Insertion
---------------------------------------------------------------------------------
---------------------------------------------------------------------------------
Start Flattening Before IO Insertion
---------------------------------------------------------------------------------
---------------------------------------------------------------------------------
Finished Flattening Before IO Insertion
---------------------------------------------------------------------------------
---------------------------------------------------------------------------------
Start Final Netlist Cleanup
---------------------------------------------------------------------------------
---------------------------------------------------------------------------------
Finished Final Netlist Cleanup
---------------------------------------------------------------------------------
---------------------------------------------------------------------------------
Finished IO Insertion : Time (s): cpu = 00:00:17 ; elapsed = 00:00:29 . Memory (MB): peak = 1005.262 ; gain = 0.000
---------------------------------------------------------------------------------
---------------------------------------------------------------------------------
Start Renaming Generated Instances
---------------------------------------------------------------------------------
---------------------------------------------------------------------------------
Finished Renaming Generated Instances : Time (s): cpu = 00:00:17 ; elapsed = 00:00:29 . Memory (MB): peak = 1005.262 ; gain = 0.000
---------------------------------------------------------------------------------
---------------------------------------------------------------------------------
Start Rebuilding User Hierarchy
---------------------------------------------------------------------------------
---------------------------------------------------------------------------------
Finished Rebuilding User Hierarchy : Time (s): cpu = 00:00:17 ; elapsed = 00:00:29 . Memory (MB): peak = 1005.262 ; gain = 0.000
---------------------------------------------------------------------------------
---------------------------------------------------------------------------------
Start Renaming Generated Ports
---------------------------------------------------------------------------------
---------------------------------------------------------------------------------
Finished Renaming Generated Ports : Time (s): cpu = 00:00:17 ; elapsed = 00:00:29 . Memory (MB): peak = 1005.262 ; gain = 0.000
---------------------------------------------------------------------------------
---------------------------------------------------------------------------------
Start Handling Custom Attributes
---------------------------------------------------------------------------------
---------------------------------------------------------------------------------
Finished Handling Custom Attributes : Time (s): cpu = 00:00:17 ; elapsed = 00:00:29 . Memory (MB): peak = 1005.262 ; gain = 0.000
---------------------------------------------------------------------------------
---------------------------------------------------------------------------------
Start Renaming Generated Nets
---------------------------------------------------------------------------------
---------------------------------------------------------------------------------
Finished Renaming Generated Nets : Time (s): cpu = 00:00:17 ; elapsed = 00:00:29 . Memory (MB): peak = 1005.262 ; gain = 0.000
---------------------------------------------------------------------------------
---------------------------------------------------------------------------------
Start Writing Synthesis Report
---------------------------------------------------------------------------------

Report BlackBoxes: 
+-+--------------+----------+
| |BlackBox name |Instances |
+-+--------------+----------+
+-+--------------+----------+

Report Cell Usage: 
+------+-------+------+
|      |Cell   |Count |
+------+-------+------+
|1     |BUFG   |     1|
|2     |CARRY4 |     8|
|3     |LUT1   |     1|
|4     |LUT2   |     4|
|5     |LUT3   |     1|
|6     |LUT4   |    12|
|7     |LUT5   |     3|
|8     |LUT6   |     7|
|9     |FDRE   |    34|
|10    |IBUF   |    22|
|11    |OBUF   |    12|
+------+-------+------+

Report Instance Areas: 
+------+-----------+-------------+------+
|      |Instance   |Module       |Cells |
+------+-----------+-------------+------+
|1     |top        |             |   105|
|2     |  bin_cnt0 |cnt_up_down  |    20|
|3     |  clk_en0  |clock_enable |    50|
+------+-----------+-------------+------+
---------------------------------------------------------------------------------
Finished Writing Synthesis Report : Time (s): cpu = 00:00:17 ; elapsed = 00:00:29 . Memory (MB): peak = 1005.262 ; gain = 0.000
---------------------------------------------------------------------------------
Synthesis finished with 0 errors, 0 critical warnings and 0 warnings.
Synthesis Optimization Runtime : Time (s): cpu = 00:00:17 ; elapsed = 00:00:29 . Memory (MB): peak = 1005.262 ; gain = 0.000
Synthesis Optimization Complete : Time (s): cpu = 00:00:17 ; elapsed = 00:00:29 . Memory (MB): peak = 1005.262 ; gain = 0.000
INFO: [Project 1-571] Translating synthesized netlist
Netlist sorting complete. Time (s): cpu = 00:00:00 ; elapsed = 00:00:00.002 . Memory (MB): peak = 1005.262 ; gain = 0.000
INFO: [Netlist 29-17] Analyzing 8 Unisim elements for replacement
INFO: [Netlist 29-28] Unisim Transformation completed in 0 CPU seconds
INFO: [Project 1-570] Preparing netlist for logic optimization
INFO: [Opt 31-138] Pushed 0 inverter(s) to 0 load pin(s).
Netlist sorting complete. Time (s): cpu = 00:00:00 ; elapsed = 00:00:00 . Memory (MB): peak = 1005.262 ; gain = 0.000
INFO: [Project 1-111] Unisim Transformation Summary:
No Unisim elements were transformed.

INFO: [Common 17-83] Releasing license: Synthesis
20 Infos, 0 Warnings, 0 Critical Warnings and 0 Errors encountered.
synth_design completed successfully
synth_design: Time (s): cpu = 00:00:21 ; elapsed = 00:00:35 . Memory (MB): peak = 1005.262 ; gain = 0.000
INFO: [Common 17-1381] The checkpoint 'D:/VUT/Digital-electronics-1/Labs/06-display_driver/display_driver/display_driver.runs/synth_1/driver_7seg_4digits.dcp' has been generated.
INFO: [runtcl-4] Executing : report_utilization -file driver_7seg_4digits_utilization_synth.rpt -pb driver_7seg_4digits_utilization_synth.pb
INFO: [Common 17-206] Exiting Vivado at Sat Mar 20 18:39:48 2021...
